This is pdfTeX, Version 3.1415926-2.3-1.40.12 (TeX Live 2011) (format=pdflatex 2012.4.13)  16 APR 2012 10:20
entering extended mode
 \write18 enabled.
 file:line:error style messages enabled.
 %&-line parsing enabled.
**proposal.tex
(./proposal.tex
LaTeX2e <2011/06/27>
Babel <v3.8l> and hyphenation patterns for english, dumylang, nohyphenation, ge
rman-x-2009-06-19, ngerman-x-2009-06-19, afrikaans, ancientgreek, ibycus, arabi
c, armenian, basque, bulgarian, catalan, pinyin, coptic, croatian, czech, danis
h, dutch, ukenglish, usenglishmax, esperanto, estonian, ethiopic, farsi, finnis
h, french, galician, german, ngerman, swissgerman, monogreek, greek, hungarian,
 icelandic, assamese, bengali, gujarati, hindi, kannada, malayalam, marathi, or
iya, panjabi, tamil, telugu, indonesian, interlingua, irish, italian, kurmanji,
 lao, latin, latvian, lithuanian, mongolian, mongolianlmc, bokmal, nynorsk, pol
ish, portuguese, romanian, russian, sanskrit, serbian, serbianc, slovak, sloven
ian, spanish, swedish, turkish, turkmen, ukrainian, uppersorbian, welsh, loaded
.
(/usr/local/texlive/2011/texmf-dist/tex/latex/base/article.cls
Document Class: article 2007/10/19 v1.4h Standard LaTeX document class
(/usr/local/texlive/2011/texmf-dist/tex/latex/base/size11.clo
File: size11.clo 2007/10/19 v1.4h Standard LaTeX file (size option)
)
\c@part=\count79
\c@section=\count80
\c@subsection=\count81
\c@subsubsection=\count82
\c@paragraph=\count83
\c@subparagraph=\count84
\c@figure=\count85
\c@table=\count86
\abovecaptionskip=\skip41
\belowcaptionskip=\skip42
\bibindent=\dimen102
)
(/usr/local/texlive/2011/texmf-dist/tex/latex/graphics/graphicx.sty
Package: graphicx 1999/02/16 v1.0f Enhanced LaTeX Graphics (DPC,SPQR)

(/usr/local/texlive/2011/texmf-dist/tex/latex/graphics/keyval.sty
Package: keyval 1999/03/16 v1.13 key=value parser (DPC)
\KV@toks@=\toks14
)
(/usr/local/texlive/2011/texmf-dist/tex/latex/graphics/graphics.sty
Package: graphics 2009/02/05 v1.0o Standard LaTeX Graphics (DPC,SPQR)

(/usr/local/texlive/2011/texmf-dist/tex/latex/graphics/trig.sty
Package: trig 1999/03/16 v1.09 sin cos tan (DPC)
)
(/usr/local/texlive/2011/texmf-dist/tex/latex/latexconfig/graphics.cfg
File: graphics.cfg 2010/04/23 v1.9 graphics configuration of TeX Live
)
Package graphics Info: Driver file: pdftex.def on input line 91.

(/usr/local/texlive/2011/texmf-dist/tex/latex/pdftex-def/pdftex.def
File: pdftex.def 2011/05/27 v0.06d Graphics/color for pdfTeX

(/usr/local/texlive/2011/texmf-dist/tex/generic/oberdiek/infwarerr.sty
Package: infwarerr 2010/04/08 v1.3 Providing info/warning/message (HO)
)
(/usr/local/texlive/2011/texmf-dist/tex/generic/oberdiek/ltxcmds.sty
Package: ltxcmds 2011/04/18 v1.20 LaTeX kernel commands for general use (HO)
)
\Gread@gobject=\count87
))
\Gin@req@height=\dimen103
\Gin@req@width=\dimen104
)
(./timeline.sty
\startat=\count88
\tllength=\count89
\putithere=\dimen105
\itwasthere=\dimen106
\scr@tchi=\count90
\scr@tchii=\dimen107
) (/usr/local/texlive/2011/texmf-dist/tex/latex/cite/cite.sty
LaTeX Info: Redefining \cite on input line 302.
LaTeX Info: Redefining \nocite on input line 373.
Package: cite 2010/09/10  v 5.3
)
(/usr/local/texlive/2011/texmf-dist/tex/latex/caption/caption.sty
Package: caption 2010/01/09 v3.1m Customizing captions (AR)

(/usr/local/texlive/2011/texmf-dist/tex/latex/caption/caption3.sty
Package: caption3 2010/01/14 v3.1m caption3 kernel (AR)
\captionmargin=\dimen108
\captionmargin@=\dimen109
\captionwidth=\dimen110
\caption@indent=\dimen111
\caption@parindent=\dimen112
\caption@hangindent=\dimen113
)
\c@ContinuedFloat=\count91
)
(./proposal.aux)
\openout1 = `proposal.aux'.

LaTeX Font Info:    Checking defaults for OML/cmm/m/it on input line 8.
LaTeX Font Info:    ... okay on input line 8.
LaTeX Font Info:    Checking defaults for T1/cmr/m/n on input line 8.
LaTeX Font Info:    ... okay on input line 8.
LaTeX Font Info:    Checking defaults for OT1/cmr/m/n on input line 8.
LaTeX Font Info:    ... okay on input line 8.
LaTeX Font Info:    Checking defaults for OMS/cmsy/m/n on input line 8.
LaTeX Font Info:    ... okay on input line 8.
LaTeX Font Info:    Checking defaults for OMX/cmex/m/n on input line 8.
LaTeX Font Info:    ... okay on input line 8.
LaTeX Font Info:    Checking defaults for U/cmr/m/n on input line 8.
LaTeX Font Info:    ... okay on input line 8.

(/usr/local/texlive/2011/texmf-dist/tex/context/base/supp-pdf.mkii
[Loading MPS to PDF converter (version 2006.09.02).]
\scratchcounter=\count92
\scratchdimen=\dimen114
\scratchbox=\box26
\nofMPsegments=\count93
\nofMParguments=\count94
\everyMPshowfont=\toks15
\MPscratchCnt=\count95
\MPscratchDim=\dimen115
\MPnumerator=\count96
\makeMPintoPDFobject=\count97
\everyMPtoPDFconversion=\toks16
) (/usr/local/texlive/2011/texmf-dist/tex/generic/oberdiek/pdftexcmds.sty
Package: pdftexcmds 2011/04/22 v0.16 Utilities of pdfTeX for LuaTeX (HO)

(/usr/local/texlive/2011/texmf-dist/tex/generic/oberdiek/ifluatex.sty
Package: ifluatex 2010/03/01 v1.3 Provides the ifluatex switch (HO)
Package ifluatex Info: LuaTeX not detected.
)
(/usr/local/texlive/2011/texmf-dist/tex/generic/oberdiek/ifpdf.sty
Package: ifpdf 2011/01/30 v2.3 Provides the ifpdf switch (HO)
Package ifpdf Info: pdfTeX in PDF mode is detected.
)
Package pdftexcmds Info: LuaTeX not detected.
Package pdftexcmds Info: \pdf@primitive is available.
Package pdftexcmds Info: \pdf@ifprimitive is available.
Package pdftexcmds Info: \pdfdraftmode found.
)
(/usr/local/texlive/2011/texmf-dist/tex/latex/oberdiek/epstopdf-base.sty
Package: epstopdf-base 2010/02/09 v2.5 Base part for package epstopdf

(/usr/local/texlive/2011/texmf-dist/tex/latex/oberdiek/grfext.sty
Package: grfext 2010/08/19 v1.1 Managing graphics extensions (HO)

(/usr/local/texlive/2011/texmf-dist/tex/generic/oberdiek/kvdefinekeys.sty
Package: kvdefinekeys 2011/04/07 v1.3 Defining keys (HO)
))
(/usr/local/texlive/2011/texmf-dist/tex/latex/oberdiek/kvoptions.sty
Package: kvoptions 2010/12/23 v3.10 Keyval support for LaTeX options (HO)

(/usr/local/texlive/2011/texmf-dist/tex/generic/oberdiek/kvsetkeys.sty
Package: kvsetkeys 2011/04/07 v1.13 Key value parser (HO)

(/usr/local/texlive/2011/texmf-dist/tex/generic/oberdiek/etexcmds.sty
Package: etexcmds 2011/02/16 v1.5 Prefix for e-TeX command names (HO)
Package etexcmds Info: Could not find \expanded.
(etexcmds)             That can mean that you are not using pdfTeX 1.50 or
(etexcmds)             that some package has redefined \expanded.
(etexcmds)             In the latter case, load this package earlier.
)))
Package grfext Info: Graphics extension search list:
(grfext)             [.png,.pdf,.jpg,.mps,.jpeg,.jbig2,.jb2,.PNG,.PDF,.JPG,.JPE
G,.JBIG2,.JB2,.eps]
(grfext)             \AppendGraphicsExtensions on input line 452.

(/usr/local/texlive/2011/texmf-dist/tex/latex/latexconfig/epstopdf-sys.cfg
File: epstopdf-sys.cfg 2010/07/13 v1.3 Configuration of (r)epstopdf for TeX Liv
e
))
Package caption Info: Begin \AtBeginDocument code.
Package caption Info: End \AtBeginDocument code.
LaTeX Font Info:    External font `cmex10' loaded for size
(Font)              <12> on input line 15.
LaTeX Font Info:    External font `cmex10' loaded for size
(Font)              <8> on input line 15.
LaTeX Font Info:    External font `cmex10' loaded for size
(Font)              <6> on input line 15.

(./proposal.toc
LaTeX Font Info:    External font `cmex10' loaded for size
(Font)              <10.95> on input line 2.
)
\tf@toc=\write3
\openout3 = `proposal.toc'.

 [1

{/usr/local/texlive/2011/texmf-var/fonts/map/pdftex/updmap/pdftex.map}]

LaTeX Warning: Citation `Chasteen1992A-computer-data' on page 2 undefined on in
put line 29.


LaTeX Warning: Citation `Eisne1993The-computer-ba' on page 2 undefined on input
 line 29.


LaTeX Warning: Citation `Thompson2004The-Decade-of-H' on page 2 undefined on in
put line 29.


LaTeX Warning: Citation `Spicer2008Bytes-and-bites' on page 2 undefined on inpu
t line 29.


LaTeX Warning: Citation `Schleyer2011Advancing-oral' on page 2 undefined on inp
ut line 29.

<comp.png, id=13, 444.2196pt x 368.0952pt>
File: comp.png Graphic file (type png)
 <use comp.png>
Package pdftex.def Info: comp.png used on input line 33.
(pdftex.def)             Requested size: 220.00122pt x 174.99867pt.


LaTeX Warning: Citation `Schleyer2006Clinical-Comput' on page 2 undefined on in
put line 35.


LaTeX Warning: Citation `Schleyer2006Clinical-Comput' on page 2 undefined on in
put line 35.


LaTeX Warning: Citation `Levine2010' on page 2 undefined on input line 36.


LaTeX Warning: Citation `Thyvalikakath2007Heuristic-evalu' on page 2 undefined 
on input line 36.


LaTeX Warning: Citation `Thyvalikakath2008A-usability-eva' on page 2 undefined 
on input line 36.


LaTeX Warning: Citation `Nielsen1994Usability-Inspe' on page 2 undefined on inp
ut line 38.


LaTeX Warning: Citation `Nielsen1994Enhancing-the-e' on page 2 undefined on inp
ut line 38.

[2 <./comp.png>] <ss1es.png, id=19, 828.09375pt x 705.63625pt>
File: ss1es.png Graphic file (type png)
 <use ss1es.png>
Package pdftex.def Info: ss1es.png used on input line 44.
(pdftex.def)             Requested size: 360.0pt x 306.76625pt.


LaTeX Warning: Citation `Ash2004Some-unintended' on page 3 undefined on input l
ine 47.


LaTeX Warning: Citation `Rose2005Using-qualitati' on page 3 undefined on input 
line 47.


LaTeX Warning: Citation `Schleyer2006Clinical-Comput' on page 3 undefined on in
put line 49.


LaTeX Warning: Citation `John2003Questionnaire-s' on page 3 undefined on input 
line 49.


LaTeX Warning: Citation `Schleyer2004Why-integration' on page 3 undefined on in
put line 51.


LaTeX Warning: Citation `Unthank2004Designing-your-' on page 3 undefined on inp
ut line 51.


LaTeX Warning: Citation `Nygren1998Helping-clinici' on page 3 undefined on inpu
t line 51.

[3]

LaTeX Warning: Citation `Irwin2009A-preliminary-m' on page 4 undefined on input
 line 54.

[4 <./ss1es.png>] [5]

LaTeX Warning: Citation `Schleyer2007A-Qualitative-I' on page 6 undefined on in
put line 60.

<papervscomp.jpg, id=29, 676.5275pt x 382.42876pt>
File: papervscomp.jpg Graphic file (type jpg)
 <use papervscomp.jpg>
Package pdftex.def Info: papervscomp.jpg used on input line 65.
(pdftex.def)             Requested size: 360.0pt x 203.50905pt.


LaTeX Warning: Citation `Schleyer2007A-Qualitative-I' on page 6 undefined on in
put line 67.


LaTeX Warning: Citation `Schleyer2007A-Qualitative-I' on page 6 undefined on in
put line 67.


LaTeX Warning: Citation `Salvucci2009Toward-a-unifie' on page 6 undefined on in
put line 69.

[6 <./papervscomp.jpg>]

LaTeX Warning: Citation `Taylor2002Handheld-comput' on page 7 undefined on inpu
t line 72.


LaTeX Warning: Citation `Jablow2003Your-practice-i' on page 7 undefined on inpu
t line 72.


LaTeX Warning: Citation `Frank2010IPad--tool-or-t' on page 7 undefined on input
 line 74.


LaTeX Warning: Citation `Kirby1996The-PEN--PAD-da' on page 7 undefined on input
 line 74.


LaTeX Warning: Citation `Mackenzi2002Text-entry-for-' on page 7 undefined on in
put line 74.


LaTeX Warning: Citation `Mayrhofer2007Pen-based-Elect' on page 7 undefined on i
nput line 74.


LaTeX Warning: Citation `Haller2009Handheld-vs.-la' on page 7 undefined on inpu
t line 74.


LaTeX Warning: Citation `Mulligen1998Clinical-data-e' on page 7 undefined on in
put line 74.


LaTeX Warning: Citation `Baumgart2005Personal-digita' on page 7 undefined on in
put line 74.


LaTeX Warning: Citation `Lu2005A-review-and-a-' on page 7 undefined on input li
ne 74.


LaTeX Warning: Citation `Patel2012Impact-of-Mobil' on page 7 undefined on input
 line 74.


LaTeX Warning: Citation `Kaneshige2011iPad-in-Healthc' on page 7 undefined on i
nput line 74.

[7]
LaTeX Font Info:    Try loading font information for OMS+cmr on input line 77.
 (/usr/local/texlive/2011/texmf-dist/tex/latex/base/omscmr.fd
File: omscmr.fd 1999/05/25 v2.5h Standard LaTeX font definitions
)
LaTeX Font Info:    Font shape `OMS/cmr/m/n' in size <10.95> not available
(Font)              Font shape `OMS/cmsy/m/n' tried instead on input line 77.

Overfull \hbox (9.41092pt too wide) in paragraph at lines 79--80
\OT1/cmr/m/n/10.95 clearly, given the mul-ti-tude of in-put classes (find-ings,
 planned/completed
 []


LaTeX Warning: Citation `Bannon1986Issues-in-desig' on page 8 undefined on inpu
t line 82.


LaTeX Warning: Citation `Wixon1997The-usability-e' on page 8 undefined on input
 line 82.


LaTeX Warning: Citation `Gould1997How-to-design-u' on page 8 undefined on input
 line 82.


LaTeX Warning: Citation `Abras2004Encycolopeida-o' on page 8 undefined on input
 line 82.


LaTeX Warning: Citation `Johnson2005A-user-centered' on page 8 undefined on inp
ut line 82.

[8]
Overfull \hbox (0.95511pt too wide) in paragraph at lines 96--97
[]\OT1/cmr/m/n/10.95 The abil-ity to au-to-mat-i-cally map a list of treat-ment
s, based on provider
 []


LaTeX Warning: Citation `Chin1998Development-of-' on page 9 undefined on input 
line 106.

[9]
Underfull \hbox (badness 10000) in paragraph at lines 110--112

 []


Underfull \hbox (badness 10000) in paragraph at lines 126--128

 []

(./proposal.bbl [10] [11] [12]) [13] (./proposal.aux)

LaTeX Warning: There were undefined references.


LaTeX Warning: Label(s) may have changed. Rerun to get cross-references right.

 ) 
Here is how much of TeX's memory you used:
 2618 strings out of 493630
 41128 string characters out of 3143342
 101214 words of memory out of 3000000
 5902 multiletter control sequences out of 15000+200000
 10624 words of font info for 37 fonts, out of 3000000 for 9000
 831 hyphenation exceptions out of 8191
 38i,6n,38p,1729b,300s stack positions out of 5000i,500n,10000p,200000b,50000s
</usr/local/texlive/2011/texmf-dist/fonts/type1/public/amsfonts/cm/cmbx10.pfb
></usr/local/texlive/2011/texmf-dist/fonts/type1/public/amsfonts/cm/cmbx12.pfb>
</usr/local/texlive/2011/texmf-dist/fonts/type1/public/amsfonts/cm/cmr10.pfb></
usr/local/texlive/2011/texmf-dist/fonts/type1/public/amsfonts/cm/cmr12.pfb></us
r/local/texlive/2011/texmf-dist/fonts/type1/public/amsfonts/cm/cmr17.pfb></usr/
local/texlive/2011/texmf-dist/fonts/type1/public/amsfonts/cm/cmr9.pfb></usr/loc
al/texlive/2011/texmf-dist/fonts/type1/public/amsfonts/cm/cmsy10.pfb></usr/loca
l/texlive/2011/texmf-dist/fonts/type1/public/amsfonts/cm/cmti10.pfb></usr/local
/texlive/2011/texmf-dist/fonts/type1/public/amsfonts/cm/cmti9.pfb></usr/local/t
exlive/2011/texmf-dist/fonts/type1/public/amsfonts/cm/cmtt12.pfb>
Output written on proposal.pdf (13 pages, 437160 bytes).
PDF statistics:
 92 PDF objects out of 1000 (max. 8388607)
 62 compressed objects within 1 object stream
 0 named destinations out of 1000 (max. 500000)
 16 words of extra memory for PDF output out of 10000 (max. 10000000)

