\BOOKMARK [1][-]{section.1}{Background}{}% 1
\BOOKMARK [2][-]{subsection.1.1}{Adoption\040Gap}{section.1}% 2
\BOOKMARK [2][-]{subsection.1.2}{Usability}{section.1}% 3
\BOOKMARK [2][-]{subsection.1.3}{Attitudes\040and\040Use}{section.1}% 4
\BOOKMARK [2][-]{subsection.1.4}{User\040Model}{section.1}% 5
\BOOKMARK [2][-]{subsection.1.5}{Conclusions\040and\040Solutions}{section.1}% 6
\BOOKMARK [1][-]{section.2}{Tablets\040and\040Usability}{}% 7
\BOOKMARK [1][-]{section.3}{Proposed\040Research}{}% 8
\BOOKMARK [2][-]{subsection.3.1}{Treatment\040Planning\040Prototype}{section.3}% 9
\BOOKMARK [2][-]{subsection.3.2}{Evaluation}{section.3}% 10
\BOOKMARK [3][-]{subsubsection.3.2.1}{Evaluation\040Design}{subsection.3.2}% 11
\BOOKMARK [3][-]{subsubsection.3.2.2}{Example\040Results}{subsection.3.2}% 12
\BOOKMARK [3][-]{subsubsection.3.2.3}{Power\040Analysis}{subsection.3.2}% 13
\BOOKMARK [1][-]{section.4}{Proposed\040Timeline}{}% 14
\BOOKMARK [1][-]{appendix.A}{CPR\040Screenshots}{}% 15
\BOOKMARK [2][-]{subsection.A.1}{Dentrix}{appendix.A}% 16
\BOOKMARK [2][-]{subsection.A.2}{Mouse\040tracking\040of\040users\040trying\040to\040perform\040a\040common\040task\040in\040Dentrix}{appendix.A}% 17
\BOOKMARK [2][-]{subsection.A.3}{EagleSoft}{appendix.A}% 18
\BOOKMARK [2][-]{subsection.A.4}{Screen\040controls}{appendix.A}% 19
\BOOKMARK [1][-]{appendix.B}{Artifact\040Model}{}% 20
\BOOKMARK [1][-]{appendix.C}{Physical\040Models}{}% 21
\BOOKMARK [2][-]{subsection.C.1}{Rear-delivery}{appendix.C}% 22
\BOOKMARK [2][-]{subsection.C.2}{Side-delivery}{appendix.C}% 23
\BOOKMARK [2][-]{subsection.C.3}{Chair-delivery}{appendix.C}% 24
